Configuring optparse-applicative-0.14.3.0...
Preprocessing library for optparse-applicative-0.14.3.0..
Building library for optparse-applicative-0.14.3.0..
[ 1 of 16] Compiling Options.Applicative.Help.Levenshtein
[ 2 of 16] Compiling Options.Applicative.Help.Pretty
[ 3 of 16] Compiling Options.Applicative.Help.Chunk
[ 4 of 16] Compiling Options.Applicative.Help.Types
[ 5 of 16] Compiling Options.Applicative.Types
[ 6 of 16] Compiling Options.Applicative.Internal
[ 7 of 16] Compiling Options.Applicative.Common
[ 8 of 16] Compiling Options.Applicative.Help.Core
[ 9 of 16] Compiling Options.Applicative.Help
[10 of 16] Compiling Options.Applicative.Builder.Internal
[11 of 16] Compiling Options.Applicative.Builder.Completer
[12 of 16] Compiling Options.Applicative.Builder

[;1mOptions\Applicative\Builder.hs:105:1: [;1m[35mwarning:[0m[0m[;1m [[;1m[35m-Wunused-imports[0m[0m[;1m][0m[0m[;1m
    The import of `Data.Semigroup' is redundant
      except perhaps to import instances from `Data.Semigroup'
    To import instances alone, use: import Data.Semigroup()[0m[0m
[;1m[34m    |[0m[0m
[;1m[34m105 |[0m[0m [;1m[35mimport Data.Semigroup hiding (option)[0m[0m
[;1m[34m    |[0m[0m[;1m[35m ^^^^^^^^^^^^^^^^^^^^^^^^^^^^^^^^^^^^^[0m[0m
[0m[0m[0m[13 of 16] Compiling Options.Applicative.BashCompletion
[14 of 16] Compiling Options.Applicative.Extra
[15 of 16] Compiling Options.Applicative
[16 of 16] Compiling Options.Applicative.Arrows
Installing library in C:\sr\snapshots\cabf7dcf\lib\x86_64-windows-ghc-8.6.5\optparse-applicative-0.14.3.0-2VoKuo318QuFVCWchCGDy3
Registering library for optparse-applicative-0.14.3.0..
