Configuring QuickCheck-2.13.2...
Preprocessing library for QuickCheck-2.13.2..
Building library for QuickCheck-2.13.2..
[ 1 of 16] Compiling Test.QuickCheck.Exception
[ 2 of 16] Compiling Test.QuickCheck.Random
[ 3 of 16] Compiling Test.QuickCheck.Gen
[ 4 of 16] Compiling Test.QuickCheck.Gen.Unsafe
[ 5 of 16] Compiling Test.QuickCheck.Arbitrary
[ 6 of 16] Compiling Test.QuickCheck.Poly
[ 7 of 16] Compiling Test.QuickCheck.Modifiers
[ 8 of 16] Compiling Test.QuickCheck.Function
[ 9 of 16] Compiling Test.QuickCheck.Text
[10 of 16] Compiling Test.QuickCheck.State
[11 of 16] Compiling Test.QuickCheck.Property
[12 of 16] Compiling Test.QuickCheck.Test
[13 of 16] Compiling Test.QuickCheck.Monadic
[14 of 16] Compiling Test.QuickCheck.All
[15 of 16] Compiling Test.QuickCheck.Features
[16 of 16] Compiling Test.QuickCheck
Installing library in C:\sr\snapshots\cabf7dcf\lib\x86_64-windows-ghc-8.6.5\QuickCheck-2.13.2-8nV7osDGiuU4p27xQv2fwB
Registering library for QuickCheck-2.13.2..
